<?xml version="1.0" encoding="UTF-8"?>
<!-- Generated by org.testng.reporters.JUnitReportReporter -->
<testsuite hostname="user24" failures="0" tests="1" name="testscript.GooglePageTest" time="10.287" errors="0" timestamp="2024-10-29T21:38:20 IST" skipped="0">
  <testcase classname="testscript.GooglePageTest" name="SerchJavaTest" time="10.287"/>
  <system-out/>
</testsuite> <!-- testscript.GooglePageTest -->
