<?xml version="1.0" encoding="UTF-8"?>
<!-- Generated by org.testng.reporters.JUnitReportReporter -->
<testsuite hostname="user24" failures="0" tests="1" name="testscript.WebtableTest" time="8.301" errors="0" timestamp="2024-11-11T17:05:50 IST" skipped="0">
  <testcase classname="testscript.WebtableTest" name="verifyBookDetails" time="8.301"/>
  <system-out/>
</testsuite> <!-- testscript.WebtableTest -->
