<?xml version="1.0" encoding="UTF-8"?>
<!-- Generated by org.testng.reporters.JUnitReportReporter -->
<testsuite hostname="user24" failures="0" tests="1" name="testscript.GooglePageTest" time="7.709" errors="0" timestamp="2024-11-07T11:03:42 IST" skipped="0">
  <testcase classname="testscript.GooglePageTest" name="SerchJavaTest" time="7.709"/>
  <system-out/>
</testsuite> <!-- testscript.GooglePageTest -->
