<?xml version="1.0" encoding="UTF-8"?>
<!-- Generated by org.testng.reporters.JUnitReportReporter -->
<testsuite hostname="user24" failures="0" tests="1" name="testscript.WebtableTest" time="9.300" errors="0" timestamp="2024-10-30T10:38:16 IST" skipped="0">
  <testcase classname="testscript.WebtableTest" name="verifyBookDetails" time="9.300"/>
  <system-out/>
</testsuite> <!-- testscript.WebtableTest -->
